<?xml version="1.0" encoding="UTF-8"?>
<!-- Generated by org.testng.reporters.JUnitXMLReporter -->
<testsuite ignored="1" hostname="IBM-PF3F1XKR" failures="0" tests="3" name="Selenium" time="0.045" errors="0" timestamp="22 Jun 2024 19:26:32 GMT">
  <testcase classname="TestNG.SauceLab" name="@BeforeMethod SaucLabLogin" time="0.0">
    <failure type="org.testng.TestNGException" message="
Parameter &amp;apos;Browser&amp;apos; is required by BeforeMethod on method SaucLabLogin but has not been marked @Optional or defined
in C:\Users\00238S744\AppData\Local\JetBrains\IdeaIC2022.2\temp-testng-customsuite.xml">
      <![CDATA[org.testng.TestNGException: 
Parameter 'Browser' is required by BeforeMethod on method SaucLabLogin but has not been marked @Optional or defined
in C:\Users\00238S744\AppData\Local\JetBrains\IdeaIC2022.2\temp-testng-customsuite.xml
at com.intellij.rt.testng.IDEARemoteTestNG.run(IDEARemoteTestNG.java:66)
at com.intellij.rt.testng.RemoteTestNGStarter.main(RemoteTestNGStarter.java:109)
... Removed 22 stack frames]]>
    </failure>
  </testcase> <!-- @BeforeMethod SaucLabLogin -->
  <testcase classname="TestNG.SauceLab" name="@AfterMethod Cleanup" time="0.0">
    <skipped/>
  </testcase> <!-- @AfterMethod Cleanup -->
  <testcase classname="TestNG.SauceLab" name="@BeforeMethod SaucLabLogin" time="0.0">
    <skipped/>
  </testcase> <!-- @BeforeMethod SaucLabLogin -->
  <testcase classname="TestNG.SauceLab" name="@AfterMethod Cleanup" time="0.0">
    <skipped/>
  </testcase> <!-- @AfterMethod Cleanup -->
  <testcase classname="TestNG.SauceLab" name="@BeforeMethod SaucLabLogin" time="0.0">
    <skipped/>
  </testcase> <!-- @BeforeMethod SaucLabLogin -->
  <testcase classname="TestNG.SauceLab" name="@AfterMethod Cleanup" time="0.0">
    <skipped/>
  </testcase> <!-- @AfterMethod Cleanup -->
  <testcase classname="TestNG.SauceLab" name="ATestloginsaucelab" time="0.0">
    <skipped/>
  </testcase> <!-- ATestloginsaucelab -->
  <testcase classname="TestNG.SauceLab" name="ATestloginsaucelab" time="0.0">
    <skipped/>
  </testcase> <!-- ATestloginsaucelab -->
  <testcase classname="TestNG.SauceLab" name="ATestloginsaucelab" time="0.0">
    <skipped/>
  </testcase> <!-- ATestloginsaucelab -->
  <testcase classname="TestNG.SauceLab" name="addtoCart" time="0.0">
    <ignored/>
  </testcase> <!-- addtoCart -->
</testsuite> <!-- Selenium -->
