<?xml version="1.0" encoding="UTF-8"?>
<!-- Generated by org.testng.reporters.JUnitXMLReporter -->
<testsuite ignored="1" hostname="IBM-PF3F1XKR" failures="0" tests="3" name="Selenium(failed)(failed)" time="35.414" errors="0" timestamp="22 Jun 2024 19:28:05 GMT">
  <testcase classname="TestNG.SauceLab" name="ATestloginsaucelab" time="0.753"/>
  <testcase classname="TestNG.SauceLab" name="ATestloginsaucelab" time="0.756"/>
  <testcase classname="TestNG.SauceLab" name="ATestloginsaucelab" time="2.622"/>
  <testcase classname="TestNG.SauceLab" name="addtoCart" time="0.0">
    <ignored/>
  </testcase> <!-- addtoCart -->
</testsuite> <!-- Selenium(failed)(failed) -->
