<?xml version="1.0" encoding="UTF-8"?>
<!-- Generated by org.testng.reporters.JUnitXMLReporter -->
<testsuite ignored="1" hostname="IBM-PF3F1XKR" failures="0" tests="1" name="Selenium(failed)(failed)(failed)(failed)(failed)" time="12.656" errors="0" timestamp="22 Jun 2024 17:49:37 GMT">
  <testcase classname="TestNG.SauceLab" name="Testloginsaucelab" time="0.718"/>
  <testcase classname="TestNG.SauceLab" name="addtoCart" time="0.0">
    <ignored/>
  </testcase> <!-- addtoCart -->
</testsuite> <!-- Selenium(failed)(failed)(failed)(failed)(failed) -->
