<?xml version="1.0" encoding="UTF-8"?>
<testng-results ignored="1" total="4" passed="3" failed="0" skipped="0">
  <reporter-output>
  </reporter-output>
  <suite started-at="2024-06-22T19:27:30Z" name="Failed suite [Failed suite [Default Suite]]" finished-at="2024-06-22T19:28:05Z" duration-ms="35414">
    <groups>
      <group name="smoke">
        <method signature="SauceLab.ATestloginsaucelab(java.lang.String, java.lang.String)[pri:0, instance:TestNG.SauceLab@2698dc7]" name="ATestloginsaucelab" class="TestNG.SauceLab"/>
      </group> <!-- smoke -->
    </groups>
    <test started-at="2024-06-22T19:27:30Z" name="Selenium(failed)(failed)" finished-at="2024-06-22T19:28:05Z" duration-ms="35414">
      <class name="TestNG.SauceLab">
        <test-method is-config="true" signature="SaucLabLogin(java.lang.String)[pri:0, instance:TestNG.SauceLab@2698dc7]" started-at="2024-06-22T19:27:30Z" name="SaucLabLogin" finished-at="2024-06-22T19:27:43Z" duration-ms="12987" status="PASS">
          <params>
            <param index="0">
              <value>
                <![CDATA[Edge]]>
              </value>
            </param>
          </params>
          <reporter-output>
          </reporter-output>
        </test-method> <!-- SaucLabLogin -->
        <test-method signature="ATestloginsaucelab(java.lang.String, java.lang.String)[pri:0, instance:TestNG.SauceLab@2698dc7]" started-at="2024-06-22T19:27:43Z" name="ATestloginsaucelab" data-provider="Testdata" finished-at="2024-06-22T19:27:43Z" duration-ms="753" status="PASS">
          <params>
            <param index="0">
              <value>
                <![CDATA[standard_user]]>
              </value>
            </param>
            <param index="1">
              <value>
                <![CDATA[secret_sauce]]>
              </value>
            </param>
          </params>
          <reporter-output>
          </reporter-output>
        </test-method> <!-- ATestloginsaucelab -->
        <test-method is-config="true" signature="Cleanup()[pri:0, instance:TestNG.SauceLab@2698dc7]" started-at="2024-06-22T19:27:43Z" name="Cleanup" finished-at="2024-06-22T19:27:44Z" duration-ms="835" status="PASS">
          <reporter-output>
          </reporter-output>
        </test-method> <!-- Cleanup -->
        <test-method is-config="true" signature="SaucLabLogin(java.lang.String)[pri:0, instance:TestNG.SauceLab@2698dc7]" started-at="2024-06-22T19:27:44Z" name="SaucLabLogin" finished-at="2024-06-22T19:27:54Z" duration-ms="9295" status="PASS">
          <params>
            <param index="0">
              <value>
                <![CDATA[Edge]]>
              </value>
            </param>
          </params>
          <reporter-output>
          </reporter-output>
        </test-method> <!-- SaucLabLogin -->
        <test-method signature="ATestloginsaucelab(java.lang.String, java.lang.String)[pri:0, instance:TestNG.SauceLab@2698dc7]" started-at="2024-06-22T19:27:54Z" name="ATestloginsaucelab" data-provider="Testdata" finished-at="2024-06-22T19:27:54Z" duration-ms="756" status="PASS">
          <params>
            <param index="0">
              <value>
                <![CDATA[locked_out_user]]>
              </value>
            </param>
            <param index="1">
              <value>
                <![CDATA[secret_sauce]]>
              </value>
            </param>
          </params>
          <reporter-output>
          </reporter-output>
        </test-method> <!-- ATestloginsaucelab -->
        <test-method is-config="true" signature="Cleanup()[pri:0, instance:TestNG.SauceLab@2698dc7]" started-at="2024-06-22T19:27:54Z" name="Cleanup" finished-at="2024-06-22T19:27:55Z" duration-ms="239" status="PASS">
          <reporter-output>
          </reporter-output>
        </test-method> <!-- Cleanup -->
        <test-method is-config="true" signature="SaucLabLogin(java.lang.String)[pri:0, instance:TestNG.SauceLab@2698dc7]" started-at="2024-06-22T19:27:55Z" name="SaucLabLogin" finished-at="2024-06-22T19:28:02Z" duration-ms="7671" status="PASS">
          <params>
            <param index="0">
              <value>
                <![CDATA[Edge]]>
              </value>
            </param>
          </params>
          <reporter-output>
          </reporter-output>
        </test-method> <!-- SaucLabLogin -->
        <test-method signature="ATestloginsaucelab(java.lang.String, java.lang.String)[pri:0, instance:TestNG.SauceLab@2698dc7]" started-at="2024-06-22T19:28:02Z" name="ATestloginsaucelab" data-provider="Testdata" finished-at="2024-06-22T19:28:05Z" duration-ms="2622" status="PASS">
          <params>
            <param index="0">
              <value>
                <![CDATA[problem_user]]>
              </value>
            </param>
            <param index="1">
              <value>
                <![CDATA[secret_sauce]]>
              </value>
            </param>
          </params>
          <reporter-output>
          </reporter-output>
        </test-method> <!-- ATestloginsaucelab -->
        <test-method is-config="true" signature="Cleanup()[pri:0, instance:TestNG.SauceLab@2698dc7]" started-at="2024-06-22T19:28:05Z" name="Cleanup" finished-at="2024-06-22T19:28:05Z" duration-ms="218" status="PASS">
          <reporter-output>
          </reporter-output>
        </test-method> <!-- Cleanup -->
      </class> <!-- TestNG.SauceLab -->
    </test> <!-- Selenium(failed)(failed) -->
  </suite> <!-- Failed suite [Failed suite [Default Suite]] -->
</testng-results>
