<?xml version="1.0" encoding="UTF-8"?>
<!-- Generated by org.testng.reporters.JUnitXMLReporter -->
<testsuite ignored="0" hostname="IBM-PF3F1XKR" failures="1" tests="8" name="Daefault test" time="16.783" errors="0" timestamp="22 Jun 2024 18:25:18 GMT">
  <testcase classname="TestNG.GoogleTestDemo" name="ATestGoogleSearch" time="8.514"/>
  <testcase classname="TestNG.GoogleTestDemo" name="ATestGoogleSearch" time="2.714"/>
  <testcase classname="TestNG.GoogleTestDemo" name="ATestGoogleSearch" time="1.726"/>
  <testcase classname="TestNG.GoogleTestDemo" name="ATestGoogleSearch" time="1.637"/>
  <testcase classname="TestNG.SauceLab" name="Testloginsaucelab" time="0.695">
    <failure type="java.lang.ClassCastException" message="class org.testng.asserts.Assertion cannot be cast to class org.testng.asserts.SoftAssert (org.testng.asserts.Assertion and org.testng.asserts.SoftAssert are in unnamed module of loader &amp;apos;app&amp;apos;)">
      <![CDATA[java.lang.ClassCastException: class org.testng.asserts.Assertion cannot be cast to class org.testng.asserts.SoftAssert (org.testng.asserts.Assertion and org.testng.asserts.SoftAssert are in unnamed module of loader 'app')
at TestNG.SauceLab.Testloginsaucelab(SauceLab.java:38)
at java.base/java.util.concurrent.ThreadPoolExecutor.runWorker(ThreadPoolExecutor.java:1136)
at java.base/java.util.concurrent.ThreadPoolExecutor$Worker.run(ThreadPoolExecutor.java:635)
at java.base/java.lang.Thread.run(Thread.java:833)
... Removed 8 stack frames]]>
    </failure>
  </testcase> <!-- Testloginsaucelab -->
  <testcase classname="TestNG.SauceLab" name="addtoCart" time="0.189"/>
  <testcase classname="TestNG.GoogleTestDemo" name="ATestGoogleSearch" time="1.802"/>
  <testcase classname="TestNG.GoogleTestDemo" name="SendText" time="0.314"/>
</testsuite> <!-- Daefault test -->
